#
# There is insufficient memory for the Java Runtime Environment to continue.
# Native memory allocation (mmap) failed to map 201326592 bytes for Failed to commit area from 0x0000000741c00000 to 0x000000074dc00000 of length 201326592.
# Possible reasons:
#   The system is out of physical RAM or swap space
#   The process is running with CompressedOops enabled, and the Java Heap may be blocking the growth of the native heap
# Possible solutions:
#   Reduce memory load on the system
#   Increase physical memory or swap space
#   Check if swap backing store is full
#   Decrease Java heap size (-Xmx/-Xms)
#   Decrease number of Java threads
#   Decrease Java thread stack sizes (-Xss)
#   Set larger code cache with -XX:ReservedCodeCacheSize=
# This output file may be truncated or incomplete.
#
#  Out of Memory Error (./src/hotspot/os/windows/os_windows.cpp:3301), pid=13240, tid=17316
#
# JRE version:  (11.0.10) (build )
# Java VM: OpenJDK 64-Bit Server VM (11.0.10+0-b96-7249189, mixed mode, sharing, tiered, compressed oops, g1 gc, windows-amd64)
# No core dump will be written. Minidumps are not enabled by default on client versions of Windows
#

---------------  S U M M A R Y ------------

Command Line: 

Host: Intel(R) Core(TM) i7-8550U CPU @ 1.80GHz, 8 cores, 11G,  Windows 10 , 64 bit Build 19041 (10.0.19041.1645)
Time: Fri Apr 29 12:33:43 2022 Hora est. Pacífico, Sudamérica elapsed time: 0.013542 seconds (0d 0h 0m 0s)

---------------  T H R E A D  ---------------

Current thread (0x00000289e8a19800):  JavaThread "Unknown thread" [_thread_in_vm, id=17316, stack(0x000000ee34f00000,0x000000ee35000000)]

Stack: [0x000000ee34f00000,0x000000ee35000000]
Native frames: (J=compiled Java code, j=interpreted, Vv=VM code, C=native code)
V  [jvm.dll+0x5ecfaa]
V  [jvm.dll+0x722bd5]
V  [jvm.dll+0x72412d]
V  [jvm.dll+0x7247e3]
V  [jvm.dll+0x242928]
V  [jvm.dll+0x5ea374]
V  [jvm.dll+0x5df425]
V  [jvm.dll+0x2fdebb]
V  [jvm.dll+0x2fde2a]
V  [jvm.dll+0x2fdd02]
V  [jvm.dll+0x302bf6]
V  [jvm.dll+0x34b2a3]
V  [jvm.dll+0x34b9a6]
V  [jvm.dll+0x34b3a3]
V  [jvm.dll+0x2d8888]
V  [jvm.dll+0x2d9a37]
V  [jvm.dll+0x701737]
V  [jvm.dll+0x702f2c]
V  [jvm.dll+0x3587d9]
V  [jvm.dll+0x6e4fae]
V  [jvm.dll+0x3c0be3]
V  [jvm.dll+0x3c2e91]
C  [jli.dll+0x5373]
C  [ucrtbase.dll+0x21bb2]
C  [KERNEL32.DLL+0x17034]
C  [ntdll.dll+0x52651]


---------------  P R O C E S S  ---------------

Threads class SMR info:
_java_thread_list=0x00000289e68b0720, length=0, elements={
}

Java Threads: ( => current thread )

Other Threads:
  0x00000289e8a30800 GCTaskThread "GC Thread#0" [stack: 0x000000ee35000000,0x000000ee35100000] [id=17276]
  0x00000289e8a78000 ConcurrentGCThread "G1 Main Marker" [stack: 0x000000ee35100000,0x000000ee35200000] [id=12544]
  0x00000289e8a7a800 ConcurrentGCThread "G1 Conc#0" [stack: 0x000000ee35200000,0x000000ee35300000] [id=16204]

[error occurred during error reporting (printing all threads), id 0xc0000005, EXCEPTION_ACCESS_VIOLATION (0xc0000005) at pc=0x00007fff88969107]

VM state:not at safepoint (not fully initialized)

VM Mutex/Monitor currently owned by a thread:  ([mutex/lock_event])
[0x00000289e8a15a00] Heap_lock - owner thread: 0x00000289e8a19800

Heap address: 0x0000000741c00000, size: 3044 MB, Compressed Oops mode: Non-zero based: 0x0000000741c00000
Narrow klass base: 0x0000000000000000, Narrow klass shift: 0

GC Heap History (0 events):
No events

Deoptimization events (0 events):
No events

Classes redefined (0 events):
No events

Internal exceptions (0 events):
No events

Events (1 events):
Event: 0.009 Loaded shared library C:\Program Files\Android\Android Studio\jre\bin\zip.dll


Dynamic libraries:
0x00007ff6d9ad0000 - 0x00007ff6d9ada000 	C:\Program Files\Android\Android Studio\jre\bin\java.EXE
0x00007fffdb350000 - 0x00007fffdb545000 	C:\Windows\SYSTEM32\ntdll.dll
0x00007fffd9c50000 - 0x00007fffd9d0e000 	C:\Windows\System32\KERNEL32.DLL
0x00007fffd90e0000 - 0x00007fffd93a8000 	C:\Windows\System32\KERNELBASE.dll
0x00007fffd8a70000 - 0x00007fffd8b70000 	C:\Windows\System32\ucrtbase.dll
0x00007fffbf9c0000 - 0x00007fffbf9d9000 	C:\Program Files\Android\Android Studio\jre\bin\jli.dll
0x00007fffbf9e0000 - 0x00007fffbf9f7000 	C:\Program Files\Android\Android Studio\jre\bin\VCRUNTIME140.dll
0x00007fffd9ab0000 - 0x00007fffd9c50000 	C:\Windows\System32\USER32.dll
0x00007fffd8b70000 - 0x00007fffd8b92000 	C:\Windows\System32\win32u.dll
0x00007fffc3fa0000 - 0x00007fffc423a000 	C:\Windows\WinSxS\amd64_microsoft.windows.common-controls_6595b64144ccf1df_6.0.19041.1110_none_60b5254171f9507e\COMCTL32.dll
0x00007fffd93b0000 - 0x00007fffd944e000 	C:\Windows\System32\msvcrt.dll
0x00007fffdb160000 - 0x00007fffdb18a000 	C:\Windows\System32\GDI32.dll
0x00007fffd8fd0000 - 0x00007fffd90db000 	C:\Windows\System32\gdi32full.dll
0x00007fffd8eb0000 - 0x00007fffd8f4d000 	C:\Windows\System32\msvcp_win.dll
0x00007fffdb080000 - 0x00007fffdb0b0000 	C:\Windows\System32\IMM32.DLL
0x00007fff95480000 - 0x00007fff9551d000 	C:\Program Files\Android\Android Studio\jre\bin\msvcp140.dll
0x00007fff88680000 - 0x00007fff8914f000 	C:\Program Files\Android\Android Studio\jre\bin\server\jvm.dll
0x00007fffdae20000 - 0x00007fffdaece000 	C:\Windows\System32\ADVAPI32.dll
0x00007fffdb0b0000 - 0x00007fffdb14c000 	C:\Windows\System32\sechost.dll
0x00007fffdace0000 - 0x00007fffdae05000 	C:\Windows\System32\RPCRT4.dll
0x00007fffdb150000 - 0x00007fffdb158000 	C:\Windows\System32\PSAPI.DLL
0x00007fffc2700000 - 0x00007fffc2709000 	C:\Windows\SYSTEM32\WSOCK32.dll
0x00007fffd38d0000 - 0x00007fffd38f7000 	C:\Windows\SYSTEM32\WINMM.dll
0x00007fffd9580000 - 0x00007fffd95eb000 	C:\Windows\System32\WS2_32.dll
0x00007fffd4190000 - 0x00007fffd419a000 	C:\Windows\SYSTEM32\VERSION.dll
0x00007fffd7320000 - 0x00007fffd7332000 	C:\Windows\SYSTEM32\kernel.appcore.dll
0x00007fffd2a00000 - 0x00007fffd2a11000 	C:\Program Files\Android\Android Studio\jre\bin\verify.dll
0x00007fffd6880000 - 0x00007fffd6a64000 	C:\Windows\SYSTEM32\DBGHELP.DLL
0x00007fffd0520000 - 0x00007fffd054c000 	C:\Windows\SYSTEM32\dbgcore.DLL
0x00007fffd8d70000 - 0x00007fffd8df2000 	C:\Windows\System32\bcryptPrimitives.dll
0x00007fffd29d0000 - 0x00007fffd29f9000 	C:\Program Files\Android\Android Studio\jre\bin\java.dll
0x00007fffd2fe0000 - 0x00007fffd2feb000 	C:\Program Files\Android\Android Studio\jre\bin\jimage.dll
0x00007fffc3520000 - 0x00007fffc3538000 	C:\Program Files\Android\Android Studio\jre\bin\zip.dll

dbghelp: loaded successfully - version: 4.0.5 - missing functions: none
symbol engine: initialized successfully - sym options: 0x614 - pdb path: .;C:\Program Files\Android\Android Studio\jre\bin;C:\Windows\SYSTEM32;C:\Windows\WinSxS\amd64_microsoft.windows.common-controls_6595b64144ccf1df_6.0.19041.1110_none_60b5254171f9507e;C:\Program Files\Android\Android Studio\jre\bin\server

VM Arguments:
java_command: <unknown>
java_class_path (initial): <not set>
Launcher Type: SUN_STANDARD

[Global flags]
     intx CICompilerCount                          = 4                                         {product} {ergonomic}
     uint ConcGCThreads                            = 2                                         {product} {ergonomic}
     uint G1ConcRefinementThreads                  = 8                                         {product} {ergonomic}
   size_t G1HeapRegionSize                         = 1048576                                   {product} {ergonomic}
    uintx GCDrainStackTargetSize                   = 64                                        {product} {ergonomic}
   size_t InitialHeapSize                          = 201326592                                 {product} {ergonomic}
   size_t MarkStackSize                            = 4194304                                   {product} {ergonomic}
   size_t MaxHeapSize                              = 3191865344                                {product} {ergonomic}
   size_t MinHeapDeltaBytes                        = 1048576                                   {product} {ergonomic}
    uintx NonNMethodCodeHeapSize                   = 5836300                                {pd product} {ergonomic}
    uintx NonProfiledCodeHeapSize                  = 122910970                              {pd product} {ergonomic}
    uintx ProfiledCodeHeapSize                     = 122910970                              {pd product} {ergonomic}
    uintx ReservedCodeCacheSize                    = 251658240                              {pd product} {ergonomic}
     bool SegmentedCodeCache                       = true                                      {product} {ergonomic}
     bool UseCompressedClassPointers               = true                                 {lp64_product} {ergonomic}
     bool UseCompressedOops                        = true                                 {lp64_product} {ergonomic}
     bool UseG1GC                                  = true                                      {product} {ergonomic}
     bool UseLargePagesIndividualAllocation        = false                                  {pd product} {ergonomic}

Logging:
Log output configuration:
 #0: stdout all=warning uptime,level,tags
 #1: stderr all=off uptime,level,tags

Environment Variables:
JAVA_HOME=C:\Program Files\Java\jdk1.8.0_301
PATH=C:\Program Files (x86)\Common Files\Oracle\Java\javapath;C:\Program Files\Eclipse Foundation\jdk-16.0.2.7-hotspot\bin;C:\Program Files\Common Files\Oracle\Java\javapath;C:\Windows\system32;C:\Windows;C:\Windows\System32\Wbem;C:\Windows\System32\WindowsPowerShell\v1.0\;C:\Windows\System32\OpenSSH\;C:\Program Files\dotnet\;C:\Program Files\Microsoft SQL Server\130\Tools\Binn\;C:\Program Files\Microsoft SQL Server\Client SDK\ODBC\170\Tools\Binn\;C:\Program Files\Git\cmd;C:\Program Files\nodejs\;C:\SQLite3;C:\Program Files\Java\jdk1.8.0_301\lib;C:\Program Files\Java\jdk1.8.0_301\bin;C:\Gradle\gradle-6.7\bin;C:\xampp\mysql\bin;C:\Users\Personal\AppData\Roaming\npm;C:\Users\Personal\AppData\Local\Programs\Python\Python39\Scripts\;C:\Users\Personal\AppData\Local\Programs\Python\Python39\;C:\Users\Personal\AppData\Local\Microsoft\WindowsApps;C:\Users\Personal\.dotnet\tools;C:\IntelliJ\IntelliJ IDEA Educational Edition 2020.3.3\bin;C:\ProgramData\Personal\gitkraken\bin;C:\Users\Personal\AppData\Local\gitkraken\bin;C:\Users\Personal\AppData\Local\Programs\Microsoft VS Code\bin;C:\SQLite3;C:\Users\Personal\AppData\Local\Microsoft\WindowsApps;C:\src\flutter\bin;C:\Users\Personal\AppData\Local\Android\Sdk;;C:\src\flutter\bin\mingit\cmd
USERNAME=Personal
OS=Windows_NT
PROCESSOR_IDENTIFIER=Intel64 Family 6 Model 142 Stepping 10, GenuineIntel



---------------  S Y S T E M  ---------------

OS: Windows 10 , 64 bit Build 19041 (10.0.19041.1645)
OS uptime: 10 days 0:40 hours

CPU:total 8 (initial active 8) (4 cores per cpu, 2 threads per core) family 6 model 142 stepping 10 microcode 0xb4, cmov, cx8, fxsr, mmx, sse, sse2, sse3, ssse3, sse4.1, sse4.2, popcnt, avx, avx2, aes, clmul, erms, 3dnowpref, lzcnt, ht, tsc, tscinvbit, bmi1, bmi2, adx, fma

Memory: 4k page, system-wide physical 12170M (1639M free)
TotalPageFile size 20362M (AvailPageFile size 111M)
current process WorkingSet (physical memory assigned to process): 10M, peak: 10M
current process commit charge ("private bytes"): 60M, peak: 252M

vm_info: OpenJDK 64-Bit Server VM (11.0.10+0-b96-7249189) for windows-amd64 JRE (11.0.10+0-b96-7249189), built on Mar 31 2021 21:44:00 by "builder" with MS VC++ 14.0 (VS2015)

END.
